[0m11:12:49.143543 [debug] [MainThread]: Sending event: {'category': 'dbt', 'action': 'invocation', 'label': 'start', 'context': [<snowplow_tracker.self_describing_json.SelfDescribingJson object at 0x729e096328d0>, <snowplow_tracker.self_describing_json.SelfDescribingJson object at 0x729e08ad5be0>, <snowplow_tracker.self_describing_json.SelfDescribingJson object at 0x729e09ba9820>]}


============================== 11:12:49.185706 | 656c6cd1-92ac-4237-8ccc-c7cc24a2a13c ==============================
[0m11:12:49.185706 [info ] [MainThread]: Running with dbt=1.11.7
[0m11:12:49.187164 [debug] [MainThread]: running dbt with arguments {'empty': 'None', 'write_json': 'True', 'quiet': 'False', 'introspect': 'True', 'no_print': 'None', 'partial_parse': 'True', 'debug': 'False', 'use_colors': 'True', 'static_parser': 'True', 'log_cache_events': 'False', 'use_experimental_parser': 'False', 'log_format': 'default', 'printer_width': '80', 'profiles_dir': '/home/codespace/.dbt', 'fail_fast': 'False', 'version_check': 'True', 'cache_selected_only': 'False', 'invocation_command': 'dbt init dbt_books', 'target_path': 'None', 'warn_error_options': 'WarnErrorOptionsV2(error=[], warn=[], silence=[])', 'indirect_selection': 'eager', 'log_path': 'logs', 'warn_error': 'None', 'send_anonymous_usage_stats': 'True'}
[0m11:12:49.209021 [info ] [MainThread]: Creating dbt configuration folder at /home/codespace/.dbt
[0m11:12:49.216310 [debug] [MainThread]: Starter project path: /workspaces/book-data-pipeline/.venv/lib/python3.12/site-packages/dbt/include/starter_project
[0m11:12:49.225683 [info ] [MainThread]: 
Your new dbt project "dbt_books" was created!

For more information on how to configure the profiles.yml file,
please consult the dbt documentation here:

  https://docs.getdbt.com/docs/configure-your-profile

One more thing:

Need help? Don't hesitate to reach out to us via GitHub issues or on Slack:

  https://community.getdbt.com/

Happy modeling!

[0m11:12:49.226330 [info ] [MainThread]: Setting up your profile.
[0m11:13:57.020004 [info ] [MainThread]: Profile dbt_books written to /home/codespace/.dbt/profiles.yml using target's profile_template.yml and your supplied values. Run 'dbt debug' to validate the connection.
[0m11:13:57.025254 [debug] [MainThread]: Resource report: {"command_name": "init", "command_success": true, "command_wall_clock_time": 67.944565, "process_in_blocks": "271552", "process_kernel_time": 0.433161, "process_mem_max_rss": "227040", "process_out_blocks": "80", "process_user_time": 3.04496}
[0m11:13:57.031932 [debug] [MainThread]: Command `dbt init` succeeded at 11:13:57.031717 after 67.95 seconds
[0m11:13:57.036960 [debug] [MainThread]: Sending event: {'category': 'dbt', 'action': 'invocation', 'label': 'end', 'context': [<snowplow_tracker.self_describing_json.SelfDescribingJson object at 0x729e085bf620>, <snowplow_tracker.self_describing_json.SelfDescribingJson object at 0x729df3447a40>, <snowplow_tracker.self_describing_json.SelfDescribingJson object at 0x729e08633c50>]}
[0m11:13:57.042312 [debug] [MainThread]: Flushing usage events
[0m11:13:57.465773 [debug] [MainThread]: An error was encountered while trying to flush usage events
[0m07:47:30.267756 [debug] [MainThread]: Sending event: {'category': 'dbt', 'action': 'invocation', 'label': 'start', 'context': [<snowplow_tracker.self_describing_json.SelfDescribingJson object at 0x77594c40eae0>, <snowplow_tracker.self_describing_json.SelfDescribingJson object at 0x77594c45bb00>, <snowplow_tracker.self_describing_json.SelfDescribingJson object at 0x77594e483fb0>]}


============================== 07:47:30.314679 | e0a82bee-cc3a-4a1f-9de3-5fd2acf1dd70 ==============================
[0m07:47:30.314679 [info ] [MainThread]: Running with dbt=1.11.7
[0m07:47:30.315814 [debug] [MainThread]: running dbt with arguments {'quiet': 'False', 'fail_fast': 'False', 'use_experimental_parser': 'False', 'use_colors': 'True', 'invocation_command': 'dbt test --select staging', 'target_path': 'None', 'send_anonymous_usage_stats': 'True', 'introspect': 'True', 'log_cache_events': 'False', 'debug': 'False', 'cache_selected_only': 'False', 'partial_parse': 'True', 'write_json': 'True', 'profiles_dir': '/home/codespace/.dbt', 'warn_error_options': 'WarnErrorOptionsV2(error=[], warn=[], silence=[])', 'printer_width': '80', 'no_print': 'None', 'indirect_selection': 'eager', 'warn_error': 'None', 'log_format': 'default', 'log_path': 'logs', 'static_parser': 'True', 'empty': 'None', 'version_check': 'True'}
[0m07:47:30.318486 [error] [MainThread]: Encountered an error:
Runtime Error
  No dbt_project.yml found at expected path /workspaces/book-data-pipeline/dbt_project.yml
  Verify that each entry within packages.yml (and their transitive dependencies) contains a file named dbt_project.yml
  
[0m07:47:30.321142 [debug] [MainThread]: Resource report: {"command_name": "test", "command_success": false, "command_wall_clock_time": 0.113825805, "process_in_blocks": "92032", "process_kernel_time": 0.230622, "process_mem_max_rss": "103828", "process_out_blocks": "16", "process_user_time": 1.559972}
[0m07:47:30.322169 [debug] [MainThread]: Command `dbt test` failed at 07:47:30.321999 after 0.12 seconds
[0m07:47:30.323358 [debug] [MainThread]: Sending event: {'category': 'dbt', 'action': 'invocation', 'label': 'end', 'context': [<snowplow_tracker.self_describing_json.SelfDescribingJson object at 0x77594c40eae0>, <snowplow_tracker.self_describing_json.SelfDescribingJson object at 0x77594c4b9a60>, <snowplow_tracker.self_describing_json.SelfDescribingJson object at 0x77594c4b9730>]}
[0m07:47:30.324283 [debug] [MainThread]: Flushing usage events
[0m07:47:30.730930 [debug] [MainThread]: An error was encountered while trying to flush usage events
[0m10:35:06.199795 [debug] [MainThread]: Sending event: {'category': 'dbt', 'action': 'invocation', 'label': 'start', 'context': [<snowplow_tracker.self_describing_json.SelfDescribingJson object at 0x701c215caf60>, <snowplow_tracker.self_describing_json.SelfDescribingJson object at 0x701c21cab260>, <snowplow_tracker.self_describing_json.SelfDescribingJson object at 0x701c21cf5d60>]}


============================== 10:35:06.212386 | e42dfb54-9ab9-4f85-a668-76b7aadebcbe ==============================
[0m10:35:06.212386 [info ] [MainThread]: Running with dbt=1.11.7
[0m10:35:06.213527 [debug] [MainThread]: running dbt with arguments {'log_format': 'default', 'log_cache_events': 'False', 'invocation_command': 'dbt docs generate', 'empty': 'None', 'debug': 'False', 'cache_selected_only': 'False', 'no_print': 'None', 'quiet': 'False', 'use_colors': 'True', 'warn_error': 'None', 'version_check': 'True', 'send_anonymous_usage_stats': 'True', 'log_path': 'logs', 'fail_fast': 'False', 'partial_parse': 'True', 'target_path': 'None', 'use_experimental_parser': 'False', 'write_json': 'True', 'indirect_selection': 'eager', 'printer_width': '80', 'introspect': 'True', 'static_parser': 'True', 'profiles_dir': '/home/codespace/.dbt', 'warn_error_options': 'WarnErrorOptionsV2(error=[], warn=[], silence=[])'}
[0m10:35:06.214890 [error] [MainThread]: Encountered an error:
Runtime Error
  No dbt_project.yml found at expected path /workspaces/book-data-pipeline/dbt_project.yml
  Verify that each entry within packages.yml (and their transitive dependencies) contains a file named dbt_project.yml
  
[0m10:35:06.216707 [debug] [MainThread]: Resource report: {"command_name": "generate", "command_success": false, "command_wall_clock_time": 0.08047237, "process_in_blocks": "53600", "process_kernel_time": 0.156748, "process_mem_max_rss": "103500", "process_out_blocks": "8", "process_user_time": 1.547517}
[0m10:35:06.217795 [debug] [MainThread]: Command `dbt docs generate` failed at 10:35:06.217625 after 0.08 seconds
[0m10:35:06.218708 [debug] [MainThread]: Sending event: {'category': 'dbt', 'action': 'invocation', 'label': 'end', 'context': [<snowplow_tracker.self_describing_json.SelfDescribingJson object at 0x701c2391a900>, <snowplow_tracker.self_describing_json.SelfDescribingJson object at 0x701c215cb110>, <snowplow_tracker.self_describing_json.SelfDescribingJson object at 0x701c215caf60>]}
[0m10:35:06.219754 [debug] [MainThread]: Flushing usage events
[0m10:35:06.610216 [debug] [MainThread]: An error was encountered while trying to flush usage events
